Command line:
   ReceivedataEvenParity_isim_beh.exe
     -simmode  gui
     -simrunnum  0
     -socket  33673

Mon Jun 24 15:55:05 2024


 Elaboration Time: 0.03 sec

 Current Memory Usage: 195.822 Meg

 Total Signals          : 145
 Total Nets             : 194
 Total Signal Drivers   : 60
 Total Blocks           : 7
 Total Primitive Blocks : 5
 Total Processes        : 85
 Total Traceable Variables  : 101
 Total Scalar Nets and Variables : 1082
Total Line Count : 429
Total Line Count : 429

 Total Simulation Time: 0.43 sec

 Current Memory Usage: 271.323 Meg

Mon Jun 24 16:04:34 2024

